<?xml version="1.0" encoding="UTF-8"?>
<testsuite name="com.serentiybddfw.steps.NavigateSteps" tests="0" skipped="0" failures="0" errors="0" timestamp="1970-01-01T00:00:00" hostname="Karimuddins-MacBook-Air.local" time="0.0">
  <properties/>
  <system-out><![CDATA[XXX Created runtime cucumber.runtime.RuntimeOptions@6e46b85a
No features found at [classpath:com/serentiybddfw/steps]

0 Scenarios
0 Steps
0m0.000s

]]></system-out>
  <system-err><![CDATA[]]></system-err>
</testsuite>
